Build started 06/08/2022 22:26:53.
     1>Project "C:\Users\jp-dev2\Desktop\lpng1637\projects\vstudio\libpng\libpng.vcxproj" on node 2 (Rebuild target(s)).
     1>ClCompile:
         C:\Program Files (x86)\Microsoft Visual Studio 11.0\VC\bin\CL.exe /c /I..\zlib /Zi /nologo /Wall /WX /Ox /Oi /Oy- /GL /D WIN32 /D NDEBUG /D _WINDOWS /D _USRDLL /D _WINDLL /D _MBCS /GF /Gm- /EHsc /MD /GS /Gy /fp:precise /fp:except- /Zc:wchar_t- /Zc:forScope /Yc"pngpriv.h" /Fp"Release\libpng16.pch" /Fo"Release\\" /Fd"Release\vc110.pdb" /FR"Release\\" /Gd /TC /wd4255 /wd4668 /wd4710 /wd4711 /wd4746 /wd4820 /wd4996 /analyze- /errorReport:prompt ..\..\..\png.c
         png.c
         C:\Program Files (x86)\Microsoft Visual Studio 11.0\VC\bin\CL.exe /c /I..\zlib /Zi /nologo /Wall /WX /Ox /Oi /Oy- /GL /D WIN32 /D NDEBUG /D _WINDOWS /D _USRDLL /D _WINDLL /D _MBCS /GF /Gm- /EHsc /MD /GS /Gy /fp:precise /fp:except- /Zc:wchar_t- /Zc:forScope /Yu"pngpriv.h" /Fp"Release\libpng16.pch" /Fo"Release\\" /Fd"Release\vc110.pdb" /FR"Release\\" /Gd /TC /wd4255 /wd4668 /wd4710 /wd4711 /wd4746 /wd4820 /wd4996 /analyze- /errorReport:prompt ..\..\..\pngerror.c ..\..\..\pngget.c ..\..\..\pngmem.c ..\..\..\pngpread.c ..\..\..\pngread.c ..\..\..\pngrio.c ..\..\..\pngrtran.c ..\..\..\pngrutil.c ..\..\..\pngset.c ..\..\..\pngtrans.c ..\..\..\pngwio.c ..\..\..\pngwrite.c ..\..\..\pngwtran.c ..\..\..\pngwutil.c
         pngerror.c
         pngget.c
         pngmem.c
         pngpread.c
         pngread.c
         pngrio.c
         pngrtran.c
         pngrutil.c
         pngset.c
         pngtrans.c
         pngwio.c
         pngwrite.c
         pngwtran.c
         pngwutil.c
       ResourceCompile:
         C:\Program Files (x86)\Windows Kits\8.0\bin\x86\rc.exe /l"0x0409" /nologo /fo"Release\pngwin.res" ..\..\..\scripts\pngwin.rc 
       Link:
         C:\Program Files (x86)\Microsoft Visual Studio 11.0\VC\bin\link.exe /ERRORREPORT:PROMPT /OUT:"C:\Users\jp-dev2\Desktop\lpng1637\projects\vstudio\Release\libpng16.dll" /VERSION:"16" /INCREMENTAL:NO /NOLOGO /LIBPATH:"C:\Users\jp-dev2\Desktop\lpng1637\projects\vstudio\Release\\" zlib.lib /MANIFEST /MANIFESTUAC:"level='asInvoker' uiAccess='false'" /manifest:embed /DEBUG /PDB:"C:\Users\jp-dev2\Desktop\lpng1637\projects\vstudio\Release\libpng16.pdb" /SUBSYSTEM:WINDOWS /OPT:REF /OPT:ICF /LTCG /TLBID:1 /DYNAMICBASE /NXCOMPAT /IMPLIB:"C:\Users\jp-dev2\Desktop\lpng1637\projects\vstudio\Release\libpng16.lib" /MACHINE:X86 /SAFESEH /DLL Release\pngwin.res
         Release\png.obj
         Release\pngerror.obj
         Release\pngget.obj
         Release\pngmem.obj
         Release\pngpread.obj
         Release\pngread.obj
         Release\pngrio.obj
         Release\pngrtran.obj
         Release\pngrutil.obj
         Release\pngset.obj
         Release\pngtrans.obj
         Release\pngwio.obj
         Release\pngwrite.obj
         Release\pngwtran.obj
         Release\pngwutil.obj
            Creating library C:\Users\jp-dev2\Desktop\lpng1637\projects\vstudio\Release\libpng16.lib and object C:\Users\jp-dev2\Desktop\lpng1637\projects\vstudio\Release\libpng16.exp
         Generating code
     1>c:\users\jp-dev2\desktop\lpng1637\pngget.c(405): error C2220: warning treated as error - no 'executable' file generated
     1>c:\users\jp-dev2\desktop\lpng1637\pngget.c(405): warning C4738: storing 32-bit float result in memory, possible loss of performance
     1>c:\users\jp-dev2\desktop\lpng1637\pngget.c(404): warning C4738: storing 32-bit float result in memory, possible loss of performance
     1>c:\users\jp-dev2\desktop\lpng1637\pngget.c(416): error C2220: warning treated as error - no 'executable' file generated
     1>c:\users\jp-dev2\desktop\lpng1637\pngget.c(416): warning C4738: storing 32-bit float result in memory, possible loss of performance
     1>c:\users\jp-dev2\desktop\lpng1637\pngget.c(415): warning C4738: storing 32-bit float result in memory, possible loss of performance
     1>LINK : fatal error LNK1257: code generation failed
     1>Done Building Project "C:\Users\jp-dev2\Desktop\lpng1637\projects\vstudio\libpng\libpng.vcxproj" (Rebuild target(s)) -- FAILED.

Build FAILED.

Time Elapsed 00:00:05.21
