Build started 06/08/2022 22:26:58.
     1>Project "C:\Users\jp-dev2\Desktop\lpng1637\projects\vstudio\pngtest\pngtest.vcxproj" on node 2 (Rebuild target(s)).
     1>ClCompile:
         C:\Program Files (x86)\Microsoft Visual Studio 11.0\VC\bin\CL.exe /c /I..\zlib /I..\..\..\scripts /Zi /nologo /Wall /WX /Ox /Oi /Oy- /GL /D WIN32 /D NDEBUG /D _CONSOLE /D _UNICODE /D UNICODE /GF /Gm- /EHsc /MD /GS /Gy- /fp:precise /fp:except- /Zc:wchar_t /Zc:forScope /Fo"Release\\" /Fd"Release\vc110.pdb" /FR"Release\\" /Gd /TC /wd4255 /wd4668 /wd4710 /wd4711 /wd4746 /wd4820 /wd4996 /analyze- /errorReport:prompt ..\..\..\pngtest.c
         pngtest.c
       Link:
         C:\Program Files (x86)\Microsoft Visual Studio 11.0\VC\bin\link.exe /ERRORREPORT:PROMPT /OUT:"C:\Users\jp-dev2\Desktop\lpng1637\projects\vstudio\Release\pngtest.exe" /INCREMENTAL:NO /NOLOGO /LIBPATH:"C:\Users\jp-dev2\Desktop\lpng1637\projects\vstudio\Release\\" libpng16.lib /MANIFEST /MANIFESTUAC:"level='asInvoker' uiAccess='false'" /manifest:embed /DEBUG /PDB:"C:\Users\jp-dev2\Desktop\lpng1637\projects\vstudio\Release\pngtest.pdb" /SUBSYSTEM:CONSOLE /OPT:REF /OPT:ICF /LTCG /TLBID:1 /DYNAMICBASE /NXCOMPAT /IMPLIB:"C:\Users\jp-dev2\Desktop\lpng1637\projects\vstudio\Release\pngtest.lib" /MACHINE:X86 /SAFESEH Release\pngtest.obj
         Generating code
         Finished generating code
         pngtest.vcxproj -> C:\Users\jp-dev2\Desktop\lpng1637\projects\vstudio\Release\pngtest.exe
       BscMake:
         C:\Program Files (x86)\Microsoft Visual Studio 11.0\VC\bin\bscmake.exe /nologo /o"C:\Users\jp-dev2\Desktop\lpng1637\projects\vstudio\Release\pngtest.bsc" Release\pngtest.sbr
       CustomBuildStep:
         "C:\Users\jp-dev2\Desktop\lpng1637\projects\vstudio\Release\pngtest.exe" ..\..\..\pngtest.png "Release\pngout.png"
         :VCEnd
     1>C:\Program Files (x86)\MSBuild\Microsoft.Cpp\v4.0\V110\Microsoft.CppCommon.targets(204,5): error MSB3073: The command ""C:\Users\jp-dev2\Desktop\lpng1637\projects\vstudio\Release\pngtest.exe" ..\..\..\pngtest.png "Release\pngout.png"
C:\Program Files (x86)\MSBuild\Microsoft.Cpp\v4.0\V110\Microsoft.CppCommon.targets(204,5): error MSB3073: :VCEnd" exited with code -1073741515.
     1>Done Building Project "C:\Users\jp-dev2\Desktop\lpng1637\projects\vstudio\pngtest\pngtest.vcxproj" (Rebuild target(s)) -- FAILED.

Build FAILED.

Time Elapsed 00:00:12.82
