Build started 07/08/2022 22:36:33.
     1>Project "C:\bitbucket_clone\tamaboy\windows\libs\SDL2-2.0.14\VisualC\tests\testgamecontroller\testgamecontroller.vcxproj" on node 3 (Rebuild target(s)).
     1>CustomBuild:
         Copying axis.bmp
                 1 archivo(s) copiado(s).
         Copying button.bmp
                 1 archivo(s) copiado(s).
         Copying controllermap.bmp
                 1 archivo(s) copiado(s).
         Copying controllermap_back.bmp
                 1 archivo(s) copiado(s).
       ClCompile:
         C:\Program Files (x86)\Microsoft Visual Studio 11.0\VC\bin\CL.exe /c /I"C:\bitbucket_clone\tamaboy\windows\libs\SDL2-2.0.14\VisualC\/../include" /Z7 /nologo /W3 /WX- /Od /Oy- /D WIN32 /D _DEBUG /D _WINDOWS /D _VC80_UPGRADE=0x0700 /Gm- /EHsc /MD /GS /fp:precise /Zc:wchar_t /Zc:forScope /Fo"Win32\Debug\\" /Fd"Win32\Debug\vc110.pdb" /Gd /TC /analyze- /errorReport:prompt ..\..\..\test\testgamecontroller.c
         testgamecontroller.c
       Link:
         C:\Program Files (x86)\Microsoft Visual Studio 11.0\VC\bin\link.exe /ERRORREPORT:PROMPT /OUT:"C:\bitbucket_clone\tamaboy\windows\libs\SDL2-2.0.14\VisualC\Win32\Debug\testgamecontroller.exe" /NOLOGO kernel32.lib user32.lib gdi32.lib winspool.lib comdlg32.lib advapi32.lib shell32.lib ole32.lib oleaut32.lib uuid.lib odbc32.lib odbccp32.lib /MANIFEST /MANIFESTUAC:"level='asInvoker' uiAccess='false'" /manifest:embed /DEBUG /PDB:"C:\bitbucket_clone\tamaboy\windows\libs\SDL2-2.0.14\VisualC\Win32\Debug\testgamecontroller.pdb" /SUBSYSTEM:WINDOWS /TLBID:1 /DYNAMICBASE /NXCOMPAT /IMPLIB:"C:\bitbucket_clone\tamaboy\windows\libs\SDL2-2.0.14\VisualC\Win32\Debug\testgamecontroller.lib" /MACHINE:X86 /SAFESEH Win32\Debug\testgamecontroller.obj
         "C:\bitbucket_clone\tamaboy\windows\libs\SDL2-2.0.14\VisualC\Win32\Debug\SDL2.lib"
         "C:\bitbucket_clone\tamaboy\windows\libs\SDL2-2.0.14\VisualC\Win32\Debug\SDL2main.lib"
     1>SDL2main.lib(SDL_windows_main.obj) : error LNK2005: _main already defined in testgamecontroller.obj
     1>SDL2main.lib(SDL_windows_main.obj) : error LNK2019: unresolved external symbol _SDL_main referenced in function _main_getcmdline
     1>C:\bitbucket_clone\tamaboy\windows\libs\SDL2-2.0.14\VisualC\Win32\Debug\testgamecontroller.exe : fatal error LNK1120: 1 unresolved externals
     1>Done Building Project "C:\bitbucket_clone\tamaboy\windows\libs\SDL2-2.0.14\VisualC\tests\testgamecontroller\testgamecontroller.vcxproj" (Rebuild target(s)) -- FAILED.

Build FAILED.

Time Elapsed 00:00:00.50
